2024-10-17T14:31:10.694+03:00  INFO 60755 --- [salarytrackeraapi] [restartedMain] c.r.s.SalarytrackeraapiApplication       : Starting SalarytrackeraapiApplication using Java 17.0.12 with PID 60755 (/Users/rayan/projects/salarytrackeraapi/target/classes started by rayan in /Users/rayan/projects/salarytrackeraapi)
2024-10-17T14:31:10.695+03:00  INFO 60755 --- [salarytrackeraapi] [restartedMain] c.r.s.SalarytrackeraapiApplication       : No active profile set, falling back to 1 default profile: "default"
2024-10-17T14:31:10.736+03:00  INFO 60755 --- [salarytrackeraapi] [restartedMain] .s.d.r.c.RepositoryConfigurationDelegate : Bootstrapping Spring Data JPA repositories in DEFAULT mode.
2024-10-17T14:31:10.740+03:00  INFO 60755 --- [salarytrackeraapi] [restartedMain] .s.d.r.c.RepositoryConfigurationDelegate : Finished Spring Data repository scanning in 4 ms. Found 3 JPA repository interfaces.
2024-10-17T14:31:10.764+03:00  INFO 60755 --- [salarytrackeraapi] [restartedMain] o.s.b.w.embedded.tomcat.TomcatWebServer  : Tomcat initialized with port 8080 (http)
2024-10-17T14:31:10.764+03:00  INFO 60755 --- [salarytrackeraapi] [restartedMain] o.apache.catalina.core.StandardService   : Starting service [Tomcat]
2024-10-17T14:31:10.764+03:00  INFO 60755 --- [salarytrackeraapi] [restartedMain] o.apache.catalina.core.StandardEngine    : Starting Servlet engine: [Apache Tomcat/10.1.30]
2024-10-17T14:31:10.768+03:00  INFO 60755 --- [salarytrackeraapi] [restartedMain] o.a.c.c.C.[.[localhost].[/api/v1]        : Initializing Spring embedded WebApplicationContext
2024-10-17T14:31:10.768+03:00  INFO 60755 --- [salarytrackeraapi] [restartedMain] w.s.c.ServletWebServerApplicationContext : Root WebApplicationContext: initialization completed in 73 ms
2024-10-17T14:31:10.778+03:00  INFO 60755 --- [salarytrackeraapi] [restartedMain] o.hibernate.jpa.internal.util.LogHelper  : HHH000204: Processing PersistenceUnitInfo [name: default]
2024-10-17T14:31:10.779+03:00  INFO 60755 --- [salarytrackeraapi] [restartedMain] o.h.c.internal.RegionFactoryInitiator    : HHH000026: Second-level cache disabled
2024-10-17T14:31:10.781+03:00  INFO 60755 --- [salarytrackeraapi] [restartedMain] o.s.o.j.p.SpringPersistenceUnitInfo      : No LoadTimeWeaver setup: ignoring JPA class transformer
2024-10-17T14:31:10.781+03:00  INFO 60755 --- [salarytrackeraapi] [restartedMain] com.zaxxer.hikari.HikariDataSource       : HikariPool-6 - Starting...
2024-10-17T14:31:10.791+03:00  INFO 60755 --- [salarytrackeraapi] [restartedMain] com.zaxxer.hikari.pool.HikariPool        : HikariPool-6 - Added connection com.mysql.cj.jdbc.ConnectionImpl@3d43e827
2024-10-17T14:31:10.792+03:00  INFO 60755 --- [salarytrackeraapi] [restartedMain] com.zaxxer.hikari.HikariDataSource       : HikariPool-6 - Start completed.
2024-10-17T14:31:10.792+03:00  WARN 60755 --- [salarytrackeraapi] [restartedMain] org.hibernate.orm.deprecation            : HHH90000025: MySQLDialect does not need to be specified explicitly using 'hibernate.dialect' (remove the property setting and it will be selected by default)
2024-10-17T14:31:10.820+03:00  INFO 60755 --- [salarytrackeraapi] [restartedMain] o.h.e.t.j.p.i.JtaPlatformInitiator       : HHH000489: No JTA platform available (set 'hibernate.transaction.jta.platform' to enable JTA platform integration)
2024-10-17T14:31:10.844+03:00  INFO 60755 --- [salarytrackeraapi] [restartedMain] j.LocalContainerEntityManagerFactoryBean : Initialized JPA EntityManagerFactory for persistence unit 'default'
2024-10-17T14:31:10.862+03:00  INFO 60755 --- [salarytrackeraapi] [restartedMain] eAuthenticationProviderManagerConfigurer : Global AuthenticationManager configured with AuthenticationProvider bean with name authenticationProvider
2024-10-17T14:31:10.862+03:00  WARN 60755 --- [salarytrackeraapi] [restartedMain] r$InitializeUserDetailsManagerConfigurer : Global AuthenticationManager configured with an AuthenticationProvider bean. UserDetailsService beans will not be used for username/password login. Consider removing the AuthenticationProvider bean. Alternatively, consider using the UserDetailsService in a manually instantiated DaoAuthenticationProvider.
2024-10-17T14:31:10.875+03:00  WARN 60755 --- [salarytrackeraapi] [restartedMain] JpaBaseConfiguration$JpaWebConfiguration : spring.jpa.open-in-view is enabled by default. Therefore, database queries may be performed during view rendering. Explicitly configure spring.jpa.open-in-view to disable this warning
2024-10-17T14:31:10.905+03:00  INFO 60755 --- [salarytrackeraapi] [restartedMain] o.s.b.d.a.OptionalLiveReloadServer       : LiveReload server is running on port 35729
2024-10-17T14:31:10.908+03:00  INFO 60755 --- [salarytrackeraapi] [restartedMain] o.s.b.w.embedded.tomcat.TomcatWebServer  : Tomcat started on port 8080 (http) with context path '/api/v1'
2024-10-17T14:31:10.909+03:00  INFO 60755 --- [salarytrackeraapi] [restartedMain] c.r.s.SalarytrackeraapiApplication       : Started SalarytrackeraapiApplication in 0.231 seconds (process running for 13995.541)
2024-10-17T14:31:10.909+03:00  INFO 60755 --- [salarytrackeraapi] [restartedMain] .ConditionEvaluationDeltaLoggingListener : Condition evaluation unchanged
2024-10-17T14:35:25.113+03:00  WARN 60755 --- [salarytrackeraapi] [HikariPool-6 housekeeper] com.zaxxer.hikari.pool.HikariPool        : HikariPool-6 - Thread starvation or clock leap detected (housekeeper delta=1m14s194ms).
2024-10-17T14:36:19.442+03:00  WARN 60755 --- [salarytrackeraapi] [HikariPool-6 housekeeper] com.zaxxer.hikari.pool.HikariPool        : HikariPool-6 - Thread starvation or clock leap detected (housekeeper delta=54s329ms).
2024-10-17T14:53:09.700+03:00  WARN 60755 --- [salarytrackeraapi] [HikariPool-6 housekeeper] com.zaxxer.hikari.pool.HikariPool        : HikariPool-6 - Thread starvation or clock leap detected (housekeeper delta=15m50s249ms).
2024-10-17T15:05:34.782+03:00  WARN 60755 --- [salarytrackeraapi] [HikariPool-6 housekeeper] com.zaxxer.hikari.pool.HikariPool        : HikariPool-6 - Thread starvation or clock leap detected (housekeeper delta=11m55s79ms).
2024-10-17T15:19:48.421+03:00  WARN 60755 --- [salarytrackeraapi] [HikariPool-6 housekeeper] com.zaxxer.hikari.pool.HikariPool        : HikariPool-6 - Thread starvation or clock leap detected (housekeeper delta=7m13s623ms).
2024-10-17T15:20:21.022+03:00  INFO 60755 --- [salarytrackeraapi] [http-nio-8080-exec-1] o.a.c.c.C.[.[localhost].[/api/v1]        : Initializing Spring DispatcherServlet 'dispatcherServlet'
2024-10-17T15:20:21.023+03:00  INFO 60755 --- [salarytrackeraapi] [http-nio-8080-exec-1] o.s.web.servlet.DispatcherServlet        : Initializing Servlet 'dispatcherServlet'
2024-10-17T15:20:21.025+03:00  INFO 60755 --- [salarytrackeraapi] [http-nio-8080-exec-1] o.s.web.servlet.DispatcherServlet        : Completed initialization in 2 ms
2024-10-17T15:20:21.033+03:00 ERROR 60755 --- [salarytrackeraapi] [http-nio-8080-exec-2] o.a.c.c.C.[.[.[.[dispatcherServlet]      : Servlet.service() for servlet [dispatcherServlet] in context with path [/api/v1] threw exception

java.lang.RuntimeException: JWT token has expired
	at com.rayan.salarytracker.security.JwtRequestFilter.doFilterInternal(JwtRequestFilter.java:45) ~[classes/:na]
	at org.springframework.web.filter.OncePerRequestFilter.doFilter(OncePerRequestFilter.java:116) ~[spring-web-6.1.13.jar:6.1.13]
	at org.springframework.security.web.FilterChainProxy$VirtualFilterChain.doFilter(FilterChainProxy.java:374) ~[spring-security-web-6.3.3.jar:6.3.3]
	at org.springframework.security.web.authentication.logout.LogoutFilter.doFilter(LogoutFilter.java:107) ~[spring-security-web-6.3.3.jar:6.3.3]
	at org.springframework.security.web.authentication.logout.LogoutFilter.doFilter(LogoutFilter.java:93) ~[spring-security-web-6.3.3.jar:6.3.3]
	at org.springframework.security.web.FilterChainProxy$VirtualFilterChain.doFilter(FilterChainProxy.java:374) ~[spring-security-web-6.3.3.jar:6.3.3]
	at org.springframework.web.filter.CorsFilter.doFilterInternal(CorsFilter.java:91) ~[spring-web-6.1.13.jar:6.1.13]
	at org.springframework.web.filter.OncePerRequestFilter.doFilter(OncePerRequestFilter.java:116) ~[spring-web-6.1.13.jar:6.1.13]
	at org.springframework.security.web.FilterChainProxy$VirtualFilterChain.doFilter(FilterChainProxy.java:374) ~[spring-security-web-6.3.3.jar:6.3.3]
	at org.springframework.security.web.header.HeaderWriterFilter.doHeadersAfter(HeaderWriterFilter.java:90) ~[spring-security-web-6.3.3.jar:6.3.3]
	at org.springframework.security.web.header.HeaderWriterFilter.doFilterInternal(HeaderWriterFilter.java:75) ~[spring-security-web-6.3.3.jar:6.3.3]
	at org.springframework.web.filter.OncePerRequestFilter.doFilter(OncePerRequestFilter.java:116) ~[spring-web-6.1.13.jar:6.1.13]
	at org.springframework.security.web.FilterChainProxy$VirtualFilterChain.doFilter(FilterChainProxy.java:374) ~[spring-security-web-6.3.3.jar:6.3.3]
	at org.springframework.security.web.context.SecurityContextHolderFilter.doFilter(SecurityContextHolderFilter.java:82) ~[spring-security-web-6.3.3.jar:6.3.3]
	at org.springframework.security.web.context.SecurityContextHolderFilter.doFilter(SecurityContextHolderFilter.java:69) ~[spring-security-web-6.3.3.jar:6.3.3]
	at org.springframework.security.web.FilterChainProxy$VirtualFilterChain.doFilter(FilterChainProxy.java:374) ~[spring-security-web-6.3.3.jar:6.3.3]
	at org.springframework.security.web.context.request.async.WebAsyncManagerIntegrationFilter.doFilterInternal(WebAsyncManagerIntegrationFilter.java:62) ~[spring-security-web-6.3.3.jar:6.3.3]
	at org.springframework.web.filter.OncePerRequestFilter.doFilter(OncePerRequestFilter.java:116) ~[spring-web-6.1.13.jar:6.1.13]
	at org.springframework.security.web.FilterChainProxy$VirtualFilterChain.doFilter(FilterChainProxy.java:374) ~[spring-security-web-6.3.3.jar:6.3.3]
	at org.springframework.security.web.session.DisableEncodeUrlFilter.doFilterInternal(DisableEncodeUrlFilter.java:42) ~[spring-security-web-6.3.3.jar:6.3.3]
	at org.springframework.web.filter.OncePerRequestFilter.doFilter(OncePerRequestFilter.java:116) ~[spring-web-6.1.13.jar:6.1.13]
	at org.springframework.security.web.FilterChainProxy$VirtualFilterChain.doFilter(FilterChainProxy.java:374) ~[spring-security-web-6.3.3.jar:6.3.3]
	at org.springframework.security.web.FilterChainProxy.doFilterInternal(FilterChainProxy.java:233) ~[spring-security-web-6.3.3.jar:6.3.3]
	at org.springframework.security.web.FilterChainProxy.doFilter(FilterChainProxy.java:191) ~[spring-security-web-6.3.3.jar:6.3.3]
	at org.springframework.web.filter.CompositeFilter$VirtualFilterChain.doFilter(CompositeFilter.java:113) ~[spring-web-6.1.13.jar:6.1.13]
	at org.springframework.web.servlet.handler.HandlerMappingIntrospector.lambda$createCacheFilter$3(HandlerMappingIntrospector.java:195) ~[spring-webmvc-6.1.13.jar:6.1.13]
	at org.springframework.web.filter.CompositeFilter$VirtualFilterChain.doFilter(CompositeFilter.java:113) ~[spring-web-6.1.13.jar:6.1.13]
	at org.springframework.web.filter.CompositeFilter.doFilter(CompositeFilter.java:74) ~[spring-web-6.1.13.jar:6.1.13]
	at org.springframework.security.config.annotation.web.configuration.WebMvcSecurityConfiguration$CompositeFilterChainProxy.doFilter(WebMvcSecurityConfiguration.java:230) ~[spring-security-config-6.3.3.jar:6.3.3]
	at org.springframework.web.filter.DelegatingFilterProxy.invokeDelegate(DelegatingFilterProxy.java:352) ~[spring-web-6.1.13.jar:6.1.13]
	at org.springframework.web.filter.DelegatingFilterProxy.doFilter(DelegatingFilterProxy.java:268) ~[spring-web-6.1.13.jar:6.1.13]
	at org.apache.catalina.core.ApplicationFilterChain.internalDoFilter(ApplicationFilterChain.java:164) ~[tomcat-embed-core-10.1.30.jar:10.1.30]
	at org.apache.catalina.core.ApplicationFilterChain.doFilter(ApplicationFilterChain.java:140) ~[tomcat-embed-core-10.1.30.jar:10.1.30]
	at org.springframework.web.filter.RequestContextFilter.doFilterInternal(RequestContextFilter.java:100) ~[spring-web-6.1.13.jar:6.1.13]
	at org.springframework.web.filter.OncePerRequestFilter.doFilter(OncePerRequestFilter.java:116) ~[spring-web-6.1.13.jar:6.1.13]
	at org.apache.catalina.core.ApplicationFilterChain.internalDoFilter(ApplicationFilterChain.java:164) ~[tomcat-embed-core-10.1.30.jar:10.1.30]
	at org.apache.catalina.core.ApplicationFilterChain.doFilter(ApplicationFilterChain.java:140) ~[tomcat-embed-core-10.1.30.jar:10.1.30]
	at org.springframework.web.filter.FormContentFilter.doFilterInternal(FormContentFilter.java:93) ~[spring-web-6.1.13.jar:6.1.13]
	at org.springframework.web.filter.OncePerRequestFilter.doFilter(OncePerRequestFilter.java:116) ~[spring-web-6.1.13.jar:6.1.13]
	at org.apache.catalina.core.ApplicationFilterChain.internalDoFilter(ApplicationFilterChain.java:164) ~[tomcat-embed-core-10.1.30.jar:10.1.30]
	at org.apache.catalina.core.ApplicationFilterChain.doFilter(ApplicationFilterChain.java:140) ~[tomcat-embed-core-10.1.30.jar:10.1.30]
	at org.springframework.web.filter.CharacterEncodingFilter.doFilterInternal(CharacterEncodingFilter.java:201) ~[spring-web-6.1.13.jar:6.1.13]
	at org.springframework.web.filter.OncePerRequestFilter.doFilter(OncePerRequestFilter.java:116) ~[spring-web-6.1.13.jar:6.1.13]
	at org.apache.catalina.core.ApplicationFilterChain.internalDoFilter(ApplicationFilterChain.java:164) ~[tomcat-embed-core-10.1.30.jar:10.1.30]
	at org.apache.catalina.core.ApplicationFilterChain.doFilter(ApplicationFilterChain.java:140) ~[tomcat-embed-core-10.1.30.jar:10.1.30]
	at org.apache.catalina.core.StandardWrapperValve.invoke(StandardWrapperValve.java:167) ~[tomcat-embed-core-10.1.30.jar:10.1.30]
	at org.apache.catalina.core.StandardContextValve.invoke(StandardContextValve.java:90) ~[tomcat-embed-core-10.1.30.jar:10.1.30]
	at org.apache.catalina.authenticator.AuthenticatorBase.invoke(AuthenticatorBase.java:483) ~[tomcat-embed-core-10.1.30.jar:10.1.30]
	at org.apache.catalina.core.StandardHostValve.invoke(StandardHostValve.java:115) ~[tomcat-embed-core-10.1.30.jar:10.1.30]
	at org.apache.catalina.valves.ErrorReportValve.invoke(ErrorReportValve.java:93) ~[tomcat-embed-core-10.1.30.jar:10.1.30]
	at org.apache.catalina.core.StandardEngineValve.invoke(StandardEngineValve.java:74) ~[tomcat-embed-core-10.1.30.jar:10.1.30]
	at org.apache.catalina.connector.CoyoteAdapter.service(CoyoteAdapter.java:344) ~[tomcat-embed-core-10.1.30.jar:10.1.30]
	at org.apache.coyote.http11.Http11Processor.service(Http11Processor.java:384) ~[tomcat-embed-core-10.1.30.jar:10.1.30]
	at org.apache.coyote.AbstractProcessorLight.process(AbstractProcessorLight.java:63) ~[tomcat-embed-core-10.1.30.jar:10.1.30]
	at org.apache.coyote.AbstractProtocol$ConnectionHandler.process(AbstractProtocol.java:905) ~[tomcat-embed-core-10.1.30.jar:10.1.30]
	at org.apache.tomcat.util.net.NioEndpoint$SocketProcessor.doRun(NioEndpoint.java:1741) ~[tomcat-embed-core-10.1.30.jar:10.1.30]
	at org.apache.tomcat.util.net.SocketProcessorBase.run(SocketProcessorBase.java:52) ~[tomcat-embed-core-10.1.30.jar:10.1.30]
	at org.apache.tomcat.util.threads.ThreadPoolExecutor.runWorker(ThreadPoolExecutor.java:1190) ~[tomcat-embed-core-10.1.30.jar:10.1.30]
	at org.apache.tomcat.util.threads.ThreadPoolExecutor$Worker.run(ThreadPoolExecutor.java:659) ~[tomcat-embed-core-10.1.30.jar:10.1.30]
	at org.apache.tomcat.util.threads.TaskThread$WrappingRunnable.run(TaskThread.java:63) ~[tomcat-embed-core-10.1.30.jar:10.1.30]
	at java.base/java.lang.Thread.run(Thread.java:840) ~[na:na]

2024-10-17T15:20:29.505+03:00 DEBUG 60755 --- [salarytrackeraapi] [http-nio-8080-exec-4] org.hibernate.SQL                        : select u1_0.id,u1_0.created_at,u1_0.email,u1_0.name,u1_0.password,u1_0.updated_at from users u1_0 where u1_0.email=?
2024-10-17T15:20:29.569+03:00 DEBUG 60755 --- [salarytrackeraapi] [http-nio-8080-exec-4] org.hibernate.SQL                        : select u1_0.id,u1_0.created_at,u1_0.email,u1_0.name,u1_0.password,u1_0.updated_at from users u1_0 where u1_0.email=?
2024-10-17T15:20:29.603+03:00 DEBUG 60755 --- [salarytrackeraapi] [http-nio-8080-exec-6] org.hibernate.SQL                        : select u1_0.id,u1_0.created_at,u1_0.email,u1_0.name,u1_0.password,u1_0.updated_at from users u1_0 where u1_0.email=?
2024-10-17T15:20:29.606+03:00 DEBUG 60755 --- [salarytrackeraapi] [http-nio-8080-exec-6] org.hibernate.SQL                        : select u1_0.id,u1_0.created_at,u1_0.email,u1_0.name,u1_0.password,u1_0.updated_at from users u1_0 where u1_0.email=?
2024-10-17T15:20:29.609+03:00 DEBUG 60755 --- [salarytrackeraapi] [http-nio-8080-exec-6] org.hibernate.SQL                        : select s1_0.id,s1_0.amount,s1_0.created_at,s1_0.date,s1_0.description,s1_0.month,s1_0.updated_at,s1_0.user_id from salaries s1_0 where s1_0.user_id=? limit ?
2024-10-17T15:20:55.075+03:00 DEBUG 60755 --- [salarytrackeraapi] [http-nio-8080-exec-8] org.hibernate.SQL                        : select u1_0.id,u1_0.created_at,u1_0.email,u1_0.name,u1_0.password,u1_0.updated_at from users u1_0 where u1_0.email=?
2024-10-17T15:20:55.163+03:00 DEBUG 60755 --- [salarytrackeraapi] [http-nio-8080-exec-8] org.hibernate.SQL                        : select u1_0.id,u1_0.created_at,u1_0.email,u1_0.name,u1_0.password,u1_0.updated_at from users u1_0 where u1_0.email=?
2024-10-17T15:21:08.095+03:00 DEBUG 60755 --- [salarytrackeraapi] [http-nio-8080-exec-10] org.hibernate.SQL                        : select u1_0.id,u1_0.created_at,u1_0.email,u1_0.name,u1_0.password,u1_0.updated_at from users u1_0 where u1_0.email=?
2024-10-17T15:21:08.099+03:00 DEBUG 60755 --- [salarytrackeraapi] [http-nio-8080-exec-10] org.hibernate.SQL                        : select e1_0.id,e1_0.amount,e1_0.bank,e1_0.category,e1_0.created_at,e1_0.description,e1_0.salary_id,e1_0.status,e1_0.updated_at from expenses e1_0 where e1_0.salary_id=? limit ?
2024-10-17T15:21:08.100+03:00 DEBUG 60755 --- [salarytrackeraapi] [http-nio-8080-exec-10] org.hibernate.SQL                        : select s1_0.id,s1_0.amount,s1_0.created_at,s1_0.date,s1_0.description,s1_0.month,s1_0.updated_at,s1_0.user_id from salaries s1_0 where s1_0.id=?
2024-10-17T15:21:11.495+03:00 DEBUG 60755 --- [salarytrackeraapi] [http-nio-8080-exec-2] org.hibernate.SQL                        : select u1_0.id,u1_0.created_at,u1_0.email,u1_0.name,u1_0.password,u1_0.updated_at from users u1_0 where u1_0.email=?
2024-10-17T15:21:11.501+03:00 DEBUG 60755 --- [salarytrackeraapi] [http-nio-8080-exec-2] org.hibernate.SQL                        : select e1_0.id,e1_0.amount,e1_0.bank,e1_0.category,e1_0.created_at,e1_0.description,e1_0.salary_id,e1_0.status,e1_0.updated_at from expenses e1_0 where e1_0.salary_id=? limit ?
2024-10-17T15:21:11.503+03:00 DEBUG 60755 --- [salarytrackeraapi] [http-nio-8080-exec-2] org.hibernate.SQL                        : select s1_0.id,s1_0.amount,s1_0.created_at,s1_0.date,s1_0.description,s1_0.month,s1_0.updated_at,s1_0.user_id from salaries s1_0 where s1_0.id=?
2024-10-17T15:21:30.266+03:00 DEBUG 60755 --- [salarytrackeraapi] [http-nio-8080-exec-4] org.hibernate.SQL                        : select u1_0.id,u1_0.created_at,u1_0.email,u1_0.name,u1_0.password,u1_0.updated_at from users u1_0 where u1_0.email=?
2024-10-17T15:21:30.359+03:00 DEBUG 60755 --- [salarytrackeraapi] [http-nio-8080-exec-4] org.hibernate.SQL                        : select u1_0.id,u1_0.created_at,u1_0.email,u1_0.name,u1_0.password,u1_0.updated_at from users u1_0 where u1_0.email=?
2024-10-17T15:21:33.106+03:00 DEBUG 60755 --- [salarytrackeraapi] [http-nio-8080-exec-6] org.hibernate.SQL                        : select u1_0.id,u1_0.created_at,u1_0.email,u1_0.name,u1_0.password,u1_0.updated_at from users u1_0 where u1_0.email=?
2024-10-17T15:21:33.109+03:00 DEBUG 60755 --- [salarytrackeraapi] [http-nio-8080-exec-6] org.hibernate.SQL                        : select u1_0.id,u1_0.created_at,u1_0.email,u1_0.name,u1_0.password,u1_0.updated_at from users u1_0 where u1_0.email=?
2024-10-17T15:21:33.111+03:00 DEBUG 60755 --- [salarytrackeraapi] [http-nio-8080-exec-6] org.hibernate.SQL                        : select s1_0.id,s1_0.amount,s1_0.created_at,s1_0.date,s1_0.description,s1_0.month,s1_0.updated_at,s1_0.user_id from salaries s1_0 where s1_0.user_id=? and s1_0.id=?
2024-10-17T15:21:33.113+03:00 DEBUG 60755 --- [salarytrackeraapi] [http-nio-8080-exec-6] org.hibernate.SQL                        : delete from salaries where id=?
2024-10-17T15:21:33.126+03:00 DEBUG 60755 --- [salarytrackeraapi] [http-nio-8080-exec-8] org.hibernate.SQL                        : select u1_0.id,u1_0.created_at,u1_0.email,u1_0.name,u1_0.password,u1_0.updated_at from users u1_0 where u1_0.email=?
2024-10-17T15:21:33.128+03:00 DEBUG 60755 --- [salarytrackeraapi] [http-nio-8080-exec-8] org.hibernate.SQL                        : select u1_0.id,u1_0.created_at,u1_0.email,u1_0.name,u1_0.password,u1_0.updated_at from users u1_0 where u1_0.email=?
2024-10-17T15:21:33.129+03:00 DEBUG 60755 --- [salarytrackeraapi] [http-nio-8080-exec-8] org.hibernate.SQL                        : select s1_0.id,s1_0.amount,s1_0.created_at,s1_0.date,s1_0.description,s1_0.month,s1_0.updated_at,s1_0.user_id from salaries s1_0 where s1_0.user_id=? limit ?
2024-10-17T15:21:34.183+03:00 DEBUG 60755 --- [salarytrackeraapi] [http-nio-8080-exec-10] org.hibernate.SQL                        : select u1_0.id,u1_0.created_at,u1_0.email,u1_0.name,u1_0.password,u1_0.updated_at from users u1_0 where u1_0.email=?
2024-10-17T15:21:34.192+03:00 DEBUG 60755 --- [salarytrackeraapi] [http-nio-8080-exec-10] org.hibernate.SQL                        : select u1_0.id,u1_0.created_at,u1_0.email,u1_0.name,u1_0.password,u1_0.updated_at from users u1_0 where u1_0.email=?
2024-10-17T15:21:34.194+03:00 DEBUG 60755 --- [salarytrackeraapi] [http-nio-8080-exec-10] org.hibernate.SQL                        : select s1_0.id,s1_0.amount,s1_0.created_at,s1_0.date,s1_0.description,s1_0.month,s1_0.updated_at,s1_0.user_id from salaries s1_0 where s1_0.user_id=? and s1_0.id=?
2024-10-17T15:21:34.196+03:00 DEBUG 60755 --- [salarytrackeraapi] [http-nio-8080-exec-10] org.hibernate.SQL                        : delete from salaries where id=?
2024-10-17T15:21:34.207+03:00 DEBUG 60755 --- [salarytrackeraapi] [http-nio-8080-exec-1] org.hibernate.SQL                        : select u1_0.id,u1_0.created_at,u1_0.email,u1_0.name,u1_0.password,u1_0.updated_at from users u1_0 where u1_0.email=?
2024-10-17T15:21:34.210+03:00 DEBUG 60755 --- [salarytrackeraapi] [http-nio-8080-exec-1] org.hibernate.SQL                        : select u1_0.id,u1_0.created_at,u1_0.email,u1_0.name,u1_0.password,u1_0.updated_at from users u1_0 where u1_0.email=?
2024-10-17T15:21:34.213+03:00 DEBUG 60755 --- [salarytrackeraapi] [http-nio-8080-exec-1] org.hibernate.SQL                        : select s1_0.id,s1_0.amount,s1_0.created_at,s1_0.date,s1_0.description,s1_0.month,s1_0.updated_at,s1_0.user_id from salaries s1_0 where s1_0.user_id=? limit ?
2024-10-17T15:21:34.920+03:00 DEBUG 60755 --- [salarytrackeraapi] [http-nio-8080-exec-3] org.hibernate.SQL                        : select u1_0.id,u1_0.created_at,u1_0.email,u1_0.name,u1_0.password,u1_0.updated_at from users u1_0 where u1_0.email=?
2024-10-17T15:21:34.925+03:00 DEBUG 60755 --- [salarytrackeraapi] [http-nio-8080-exec-3] org.hibernate.SQL                        : select u1_0.id,u1_0.created_at,u1_0.email,u1_0.name,u1_0.password,u1_0.updated_at from users u1_0 where u1_0.email=?
2024-10-17T15:21:34.927+03:00 DEBUG 60755 --- [salarytrackeraapi] [http-nio-8080-exec-3] org.hibernate.SQL                        : select s1_0.id,s1_0.amount,s1_0.created_at,s1_0.date,s1_0.description,s1_0.month,s1_0.updated_at,s1_0.user_id from salaries s1_0 where s1_0.user_id=? and s1_0.id=?
2024-10-17T15:21:34.929+03:00 DEBUG 60755 --- [salarytrackeraapi] [http-nio-8080-exec-3] org.hibernate.SQL                        : delete from salaries where id=?
2024-10-17T15:21:34.936+03:00 DEBUG 60755 --- [salarytrackeraapi] [http-nio-8080-exec-4] org.hibernate.SQL                        : select u1_0.id,u1_0.created_at,u1_0.email,u1_0.name,u1_0.password,u1_0.updated_at from users u1_0 where u1_0.email=?
2024-10-17T15:21:34.938+03:00 DEBUG 60755 --- [salarytrackeraapi] [http-nio-8080-exec-4] org.hibernate.SQL                        : select u1_0.id,u1_0.created_at,u1_0.email,u1_0.name,u1_0.password,u1_0.updated_at from users u1_0 where u1_0.email=?
2024-10-17T15:21:34.939+03:00 DEBUG 60755 --- [salarytrackeraapi] [http-nio-8080-exec-4] org.hibernate.SQL                        : select s1_0.id,s1_0.amount,s1_0.created_at,s1_0.date,s1_0.description,s1_0.month,s1_0.updated_at,s1_0.user_id from salaries s1_0 where s1_0.user_id=? limit ?
2024-10-17T15:21:49.088+03:00 DEBUG 60755 --- [salarytrackeraapi] [http-nio-8080-exec-6] org.hibernate.SQL                        : select u1_0.id,u1_0.created_at,u1_0.email,u1_0.name,u1_0.password,u1_0.updated_at from users u1_0 where u1_0.email=?
2024-10-17T15:21:49.177+03:00 DEBUG 60755 --- [salarytrackeraapi] [http-nio-8080-exec-6] org.hibernate.SQL                        : select u1_0.id,u1_0.created_at,u1_0.email,u1_0.name,u1_0.password,u1_0.updated_at from users u1_0 where u1_0.email=?
2024-10-17T15:24:58.613+03:00 DEBUG 60755 --- [salarytrackeraapi] [http-nio-8080-exec-10] org.hibernate.SQL                        : select u1_0.id,u1_0.created_at,u1_0.email,u1_0.name,u1_0.password,u1_0.updated_at from users u1_0 where u1_0.email=?
2024-10-17T15:24:58.615+03:00 DEBUG 60755 --- [salarytrackeraapi] [http-nio-8080-exec-10] org.hibernate.SQL                        : select u1_0.id,u1_0.created_at,u1_0.email,u1_0.name,u1_0.password,u1_0.updated_at from users u1_0 where u1_0.email=?
2024-10-17T15:24:58.621+03:00 DEBUG 60755 --- [salarytrackeraapi] [http-nio-8080-exec-10] org.hibernate.SQL                        : select s1_0.id,s1_0.amount,s1_0.created_at,s1_0.date,s1_0.description,s1_0.month,s1_0.updated_at,s1_0.user_id from salaries s1_0 where s1_0.user_id=? limit ?
2024-10-17T15:25:09.558+03:00 DEBUG 60755 --- [salarytrackeraapi] [http-nio-8080-exec-2] org.hibernate.SQL                        : select u1_0.id,u1_0.created_at,u1_0.email,u1_0.name,u1_0.password,u1_0.updated_at from users u1_0 where u1_0.email=?
2024-10-17T15:25:09.560+03:00 DEBUG 60755 --- [salarytrackeraapi] [http-nio-8080-exec-2] org.hibernate.SQL                        : select u1_0.id,u1_0.created_at,u1_0.email,u1_0.name,u1_0.password,u1_0.updated_at from users u1_0 where u1_0.email=?
2024-10-17T15:25:09.562+03:00 DEBUG 60755 --- [salarytrackeraapi] [http-nio-8080-exec-2] org.hibernate.SQL                        : select s1_0.id,s1_0.amount,s1_0.created_at,s1_0.date,s1_0.description,s1_0.month,s1_0.updated_at,s1_0.user_id from salaries s1_0 where s1_0.user_id=? limit ?
2024-10-17T15:28:57.919+03:00 DEBUG 60755 --- [salarytrackeraapi] [http-nio-8080-exec-6] org.hibernate.SQL                        : select u1_0.id,u1_0.created_at,u1_0.email,u1_0.name,u1_0.password,u1_0.updated_at from users u1_0 where u1_0.email=?
2024-10-17T15:28:58.005+03:00 DEBUG 60755 --- [salarytrackeraapi] [http-nio-8080-exec-6] org.hibernate.SQL                        : select u1_0.id,u1_0.created_at,u1_0.email,u1_0.name,u1_0.password,u1_0.updated_at from users u1_0 where u1_0.email=?
2024-10-17T15:28:58.030+03:00 DEBUG 60755 --- [salarytrackeraapi] [http-nio-8080-exec-8] org.hibernate.SQL                        : select u1_0.id,u1_0.created_at,u1_0.email,u1_0.name,u1_0.password,u1_0.updated_at from users u1_0 where u1_0.email=?
2024-10-17T15:28:58.035+03:00 DEBUG 60755 --- [salarytrackeraapi] [http-nio-8080-exec-8] org.hibernate.SQL                        : select u1_0.id,u1_0.created_at,u1_0.email,u1_0.name,u1_0.password,u1_0.updated_at from users u1_0 where u1_0.email=?
2024-10-17T15:28:58.037+03:00 DEBUG 60755 --- [salarytrackeraapi] [http-nio-8080-exec-8] org.hibernate.SQL                        : select s1_0.id,s1_0.amount,s1_0.created_at,s1_0.date,s1_0.description,s1_0.month,s1_0.updated_at,s1_0.user_id from salaries s1_0 where s1_0.user_id=? limit ?
2024-10-17T15:32:44.563+03:00 DEBUG 60755 --- [salarytrackeraapi] [http-nio-8080-exec-2] org.hibernate.SQL                        : select u1_0.id,u1_0.created_at,u1_0.email,u1_0.name,u1_0.password,u1_0.updated_at from users u1_0 where u1_0.email=?
2024-10-17T15:32:44.650+03:00 DEBUG 60755 --- [salarytrackeraapi] [http-nio-8080-exec-2] org.hibernate.SQL                        : select u1_0.id,u1_0.created_at,u1_0.email,u1_0.name,u1_0.password,u1_0.updated_at from users u1_0 where u1_0.email=?
2024-10-17T15:33:28.214+03:00 DEBUG 60755 --- [salarytrackeraapi] [http-nio-8080-exec-3] org.hibernate.SQL                        : select u1_0.id,u1_0.created_at,u1_0.email,u1_0.name,u1_0.password,u1_0.updated_at from users u1_0 where u1_0.email=?
2024-10-17T15:33:28.218+03:00 DEBUG 60755 --- [salarytrackeraapi] [http-nio-8080-exec-3] org.hibernate.SQL                        : select u1_0.id,u1_0.created_at,u1_0.email,u1_0.name,u1_0.password,u1_0.updated_at from users u1_0 where u1_0.email=?
2024-10-17T15:33:28.221+03:00 DEBUG 60755 --- [salarytrackeraapi] [http-nio-8080-exec-3] org.hibernate.SQL                        : select s1_0.id,s1_0.amount,s1_0.created_at,s1_0.date,s1_0.description,s1_0.month,s1_0.updated_at,s1_0.user_id from salaries s1_0 where s1_0.user_id=? limit ?
2024-10-17T15:33:35.393+03:00 DEBUG 60755 --- [salarytrackeraapi] [http-nio-8080-exec-6] org.hibernate.SQL                        : select u1_0.id,u1_0.created_at,u1_0.email,u1_0.name,u1_0.password,u1_0.updated_at from users u1_0 where u1_0.email=?
2024-10-17T15:33:35.397+03:00 DEBUG 60755 --- [salarytrackeraapi] [http-nio-8080-exec-6] org.hibernate.SQL                        : select u1_0.id,u1_0.created_at,u1_0.email,u1_0.name,u1_0.password,u1_0.updated_at from users u1_0 where u1_0.email=?
2024-10-17T15:33:35.400+03:00 DEBUG 60755 --- [salarytrackeraapi] [http-nio-8080-exec-6] org.hibernate.SQL                        : select s1_0.id,s1_0.amount,s1_0.created_at,s1_0.date,s1_0.description,s1_0.month,s1_0.updated_at,s1_0.user_id from salaries s1_0 where s1_0.user_id=? limit ?
2024-10-17T15:45:10.759+03:00 DEBUG 60755 --- [salarytrackeraapi] [http-nio-8080-exec-9] org.hibernate.SQL                        : select u1_0.id,u1_0.created_at,u1_0.email,u1_0.name,u1_0.password,u1_0.updated_at from users u1_0 where u1_0.email=?
2024-10-17T15:45:10.766+03:00 DEBUG 60755 --- [salarytrackeraapi] [http-nio-8080-exec-9] org.hibernate.SQL                        : select u1_0.id,u1_0.created_at,u1_0.email,u1_0.name,u1_0.password,u1_0.updated_at from users u1_0 where u1_0.email=?
2024-10-17T15:45:10.768+03:00 DEBUG 60755 --- [salarytrackeraapi] [http-nio-8080-exec-9] org.hibernate.SQL                        : select s1_0.id,s1_0.amount,s1_0.created_at,s1_0.date,s1_0.description,s1_0.month,s1_0.updated_at,s1_0.user_id from salaries s1_0 where s1_0.user_id=? limit ?
2024-10-17T15:45:19.956+03:00 DEBUG 60755 --- [salarytrackeraapi] [http-nio-8080-exec-2] org.hibernate.SQL                        : select u1_0.id,u1_0.created_at,u1_0.email,u1_0.name,u1_0.password,u1_0.updated_at from users u1_0 where u1_0.email=?
2024-10-17T15:45:19.967+03:00 DEBUG 60755 --- [salarytrackeraapi] [http-nio-8080-exec-2] org.hibernate.SQL                        : select u1_0.id,u1_0.created_at,u1_0.email,u1_0.name,u1_0.password,u1_0.updated_at from users u1_0 where u1_0.email=?
2024-10-17T15:45:19.969+03:00 DEBUG 60755 --- [salarytrackeraapi] [http-nio-8080-exec-2] org.hibernate.SQL                        : insert into salaries (amount,created_at,date,description,month,updated_at,user_id) values (?,?,?,?,?,?,?)
2024-10-17T15:45:22.971+03:00 DEBUG 60755 --- [salarytrackeraapi] [http-nio-8080-exec-4] org.hibernate.SQL                        : select u1_0.id,u1_0.created_at,u1_0.email,u1_0.name,u1_0.password,u1_0.updated_at from users u1_0 where u1_0.email=?
2024-10-17T15:45:22.974+03:00 DEBUG 60755 --- [salarytrackeraapi] [http-nio-8080-exec-4] org.hibernate.SQL                        : select u1_0.id,u1_0.created_at,u1_0.email,u1_0.name,u1_0.password,u1_0.updated_at from users u1_0 where u1_0.email=?
2024-10-17T15:45:22.975+03:00 DEBUG 60755 --- [salarytrackeraapi] [http-nio-8080-exec-4] org.hibernate.SQL                        : select s1_0.id,s1_0.amount,s1_0.created_at,s1_0.date,s1_0.description,s1_0.month,s1_0.updated_at,s1_0.user_id from salaries s1_0 where s1_0.user_id=? limit ?
2024-10-17T15:45:26.666+03:00 DEBUG 60755 --- [salarytrackeraapi] [http-nio-8080-exec-5] org.hibernate.SQL                        : select u1_0.id,u1_0.created_at,u1_0.email,u1_0.name,u1_0.password,u1_0.updated_at from users u1_0 where u1_0.email=?
2024-10-17T15:45:26.673+03:00 DEBUG 60755 --- [salarytrackeraapi] [http-nio-8080-exec-5] org.hibernate.SQL                        : select e1_0.id,e1_0.amount,e1_0.bank,e1_0.category,e1_0.created_at,e1_0.description,e1_0.salary_id,e1_0.status,e1_0.updated_at from expenses e1_0 where e1_0.salary_id=? limit ?
2024-10-17T15:45:33.596+03:00 DEBUG 60755 --- [salarytrackeraapi] [http-nio-8080-exec-8] org.hibernate.SQL                        : select u1_0.id,u1_0.created_at,u1_0.email,u1_0.name,u1_0.password,u1_0.updated_at from users u1_0 where u1_0.email=?
2024-10-17T15:45:33.605+03:00 DEBUG 60755 --- [salarytrackeraapi] [http-nio-8080-exec-8] org.hibernate.SQL                        : insert into expenses (amount,bank,category,created_at,description,salary_id,status,updated_at) values (?,?,?,?,?,?,?,?)
2024-10-17T15:45:33.617+03:00 DEBUG 60755 --- [salarytrackeraapi] [http-nio-8080-exec-10] org.hibernate.SQL                        : select u1_0.id,u1_0.created_at,u1_0.email,u1_0.name,u1_0.password,u1_0.updated_at from users u1_0 where u1_0.email=?
2024-10-17T15:45:33.621+03:00 DEBUG 60755 --- [salarytrackeraapi] [http-nio-8080-exec-10] org.hibernate.SQL                        : select e1_0.id,e1_0.amount,e1_0.bank,e1_0.category,e1_0.created_at,e1_0.description,e1_0.salary_id,e1_0.status,e1_0.updated_at from expenses e1_0 where e1_0.salary_id=? limit ?
2024-10-17T15:45:33.622+03:00 DEBUG 60755 --- [salarytrackeraapi] [http-nio-8080-exec-10] org.hibernate.SQL                        : select s1_0.id,s1_0.amount,s1_0.created_at,s1_0.date,s1_0.description,s1_0.month,s1_0.updated_at,s1_0.user_id from salaries s1_0 where s1_0.id=?
2024-10-17T15:45:40.982+03:00 DEBUG 60755 --- [salarytrackeraapi] [http-nio-8080-exec-1] org.hibernate.SQL                        : select u1_0.id,u1_0.created_at,u1_0.email,u1_0.name,u1_0.password,u1_0.updated_at from users u1_0 where u1_0.email=?
2024-10-17T15:45:40.990+03:00 DEBUG 60755 --- [salarytrackeraapi] [http-nio-8080-exec-1] org.hibernate.SQL                        : insert into expenses (amount,bank,category,created_at,description,salary_id,status,updated_at) values (?,?,?,?,?,?,?,?)
2024-10-17T15:45:41.000+03:00 DEBUG 60755 --- [salarytrackeraapi] [http-nio-8080-exec-4] org.hibernate.SQL                        : select u1_0.id,u1_0.created_at,u1_0.email,u1_0.name,u1_0.password,u1_0.updated_at from users u1_0 where u1_0.email=?
2024-10-17T15:45:41.003+03:00 DEBUG 60755 --- [salarytrackeraapi] [http-nio-8080-exec-4] org.hibernate.SQL                        : select e1_0.id,e1_0.amount,e1_0.bank,e1_0.category,e1_0.created_at,e1_0.description,e1_0.salary_id,e1_0.status,e1_0.updated_at from expenses e1_0 where e1_0.salary_id=? limit ?
2024-10-17T15:45:41.004+03:00 DEBUG 60755 --- [salarytrackeraapi] [http-nio-8080-exec-4] org.hibernate.SQL                        : select s1_0.id,s1_0.amount,s1_0.created_at,s1_0.date,s1_0.description,s1_0.month,s1_0.updated_at,s1_0.user_id from salaries s1_0 where s1_0.id=?
2024-10-17T15:45:49.464+03:00 DEBUG 60755 --- [salarytrackeraapi] [http-nio-8080-exec-5] org.hibernate.SQL                        : select u1_0.id,u1_0.created_at,u1_0.email,u1_0.name,u1_0.password,u1_0.updated_at from users u1_0 where u1_0.email=?
2024-10-17T15:45:49.468+03:00 DEBUG 60755 --- [salarytrackeraapi] [http-nio-8080-exec-5] org.hibernate.SQL                        : insert into expenses (amount,bank,category,created_at,description,salary_id,status,updated_at) values (?,?,?,?,?,?,?,?)
2024-10-17T15:45:49.477+03:00 DEBUG 60755 --- [salarytrackeraapi] [http-nio-8080-exec-8] org.hibernate.SQL                        : select u1_0.id,u1_0.created_at,u1_0.email,u1_0.name,u1_0.password,u1_0.updated_at from users u1_0 where u1_0.email=?
2024-10-17T15:45:49.480+03:00 DEBUG 60755 --- [salarytrackeraapi] [http-nio-8080-exec-8] org.hibernate.SQL                        : select e1_0.id,e1_0.amount,e1_0.bank,e1_0.category,e1_0.created_at,e1_0.description,e1_0.salary_id,e1_0.status,e1_0.updated_at from expenses e1_0 where e1_0.salary_id=? limit ?
2024-10-17T15:45:49.481+03:00 DEBUG 60755 --- [salarytrackeraapi] [http-nio-8080-exec-8] org.hibernate.SQL                        : select s1_0.id,s1_0.amount,s1_0.created_at,s1_0.date,s1_0.description,s1_0.month,s1_0.updated_at,s1_0.user_id from salaries s1_0 where s1_0.id=?
2024-10-17T15:46:03.802+03:00 DEBUG 60755 --- [salarytrackeraapi] [http-nio-8080-exec-10] org.hibernate.SQL                        : select u1_0.id,u1_0.created_at,u1_0.email,u1_0.name,u1_0.password,u1_0.updated_at from users u1_0 where u1_0.email=?
2024-10-17T15:46:03.812+03:00 DEBUG 60755 --- [salarytrackeraapi] [http-nio-8080-exec-10] org.hibernate.SQL                        : select u1_0.id,u1_0.created_at,u1_0.email,u1_0.name,u1_0.password,u1_0.updated_at from users u1_0 where u1_0.email=?
2024-10-17T15:46:03.815+03:00 DEBUG 60755 --- [salarytrackeraapi] [http-nio-8080-exec-10] org.hibernate.SQL                        : insert into salaries (amount,created_at,date,description,month,updated_at,user_id) values (?,?,?,?,?,?,?)
2024-10-17T15:46:03.824+03:00 DEBUG 60755 --- [salarytrackeraapi] [http-nio-8080-exec-9] org.hibernate.SQL                        : select u1_0.id,u1_0.created_at,u1_0.email,u1_0.name,u1_0.password,u1_0.updated_at from users u1_0 where u1_0.email=?
2024-10-17T15:46:03.826+03:00 DEBUG 60755 --- [salarytrackeraapi] [http-nio-8080-exec-9] org.hibernate.SQL                        : select u1_0.id,u1_0.created_at,u1_0.email,u1_0.name,u1_0.password,u1_0.updated_at from users u1_0 where u1_0.email=?
2024-10-17T15:46:03.828+03:00 DEBUG 60755 --- [salarytrackeraapi] [http-nio-8080-exec-9] org.hibernate.SQL                        : select s1_0.id,s1_0.amount,s1_0.created_at,s1_0.date,s1_0.description,s1_0.month,s1_0.updated_at,s1_0.user_id from salaries s1_0 where s1_0.user_id=? limit ?
2024-10-17T16:06:54.530+03:00  INFO 60755 --- [salarytrackeraapi] [File Watcher] rtingClassPathChangeChangedEventListener : Restarting due to 1 class path change (0 additions, 0 deletions, 1 modification)
2024-10-17T16:06:54.541+03:00  INFO 60755 --- [salarytrackeraapi] [Thread-23] j.LocalContainerEntityManagerFactoryBean : Closing JPA EntityManagerFactory for persistence unit 'default'
2024-10-17T16:06:54.542+03:00  INFO 60755 --- [salarytrackeraapi] [Thread-23] com.zaxxer.hikari.HikariDataSource       : HikariPool-6 - Shutdown initiated...
2024-10-17T16:06:54.546+03:00  INFO 60755 --- [salarytrackeraapi] [Thread-23] com.zaxxer.hikari.HikariDataSource       : HikariPool-6 - Shutdown completed.
